{"C:\\Users\\ADMIN\\Downloads\\Flippy Flip\\bot\\src\\commands\\balance.js": {"path":"C:\\Users\\ADMIN\\Downloads\\Flippy Flip\\bot\\src\\commands\\balance.js","statementMap":{"0":{"start":{"line":1,"column":15},"end":{"line":1,"column":42}},"1":{"start":{"line":3,"column":0},"end":{"line":12,"column":2}},"2":{"start":{"line":7,"column":17},"end":{"line":7,"column":58}},"3":{"start":{"line":8,"column":14},"end":{"line":8,"column":81}},"4":{"start":{"line":9,"column":19},"end":{"line":9,"column":96}},"5":{"start":{"line":9,"column":57},"end":{"line":9,"column":95}},"6":{"start":{"line":10,"column":4},"end":{"line":10,"column":74}}},"fnMap":{"0":{"name":"(anonymous_0)","decl":{"start":{"line":6,"column":2},"end":{"line":6,"column":3}},"loc":{"start":{"line":6,"column":37},"end":{"line":11,"column":3}},"line":6},"1":{"name":"(anonymous_1)","decl":{"start":{"line":9,"column":42},"end":{"line":9,"column":43}},"loc":{"start":{"line":9,"column":57},"end":{"line":9,"column":95}},"line":9}},"branchMap":{"0":{"loc":{"start":{"line":8,"column":14},"end":{"line":8,"column":81}},"type":"binary-expr","locations":[{"start":{"line":8,"column":14},"end":{"line":8,"column":27}},{"start":{"line":8,"column":31},"end":{"line":8,"column":81}}],"line":8},"1":{"loc":{"start":{"line":9,"column":19},"end":{"line":9,"column":96}},"type":"binary-expr","locations":[{"start":{"line":9,"column":19},"end":{"line":9,"column":37}},{"start":{"line":9,"column":42},"end":{"line":9,"column":95}}],"line":9}},"s":{"0":1,"1":1,"2":1,"3":1,"4":1,"5":0,"6":1},"f":{"0":1,"1":0},"b":{"0":[1,0],"1":[1,0]},"_coverageSchema":"1a1c01bbd47fc00a2c39e90264f33305004495a9","hash":"9c7464521b7e20b44a8915de02de71148daf8e45"}
,"C:\\Users\\ADMIN\\Downloads\\Flippy Flip\\bot\\src\\commands\\deposit.js": {"path":"C:\\Users\\ADMIN\\Downloads\\Flippy Flip\\bot\\src\\commands\\deposit.js","statementMap":{"0":{"start":{"line":3,"column":13},"end":{"line":3,"column":45}},"1":{"start":{"line":4,"column":15},"end":{"line":4,"column":42}},"2":{"start":{"line":5,"column":12},"end":{"line":5,"column":43}},"3":{"start":{"line":7,"column":0},"end":{"line":44,"column":2}},"4":{"start":{"line":11,"column":14},"end":{"line":11,"column":27}},"5":{"start":{"line":12,"column":19},"end":{"line":12,"column":37}},"6":{"start":{"line":13,"column":19},"end":{"line":13,"column":38}},"7":{"start":{"line":14,"column":17},"end":{"line":14,"column":39}},"8":{"start":{"line":15,"column":19},"end":{"line":15,"column":113}},"9":{"start":{"line":16,"column":4},"end":{"line":16,"column":116}},"10":{"start":{"line":16,"column":49},"end":{"line":16,"column":116}},"11":{"start":{"line":17,"column":21},"end":{"line":17,"column":40}},"12":{"start":{"line":18,"column":20},"end":{"line":18,"column":49}},"13":{"start":{"line":19,"column":4},"end":{"line":42,"column":5}},"14":{"start":{"line":20,"column":6},"end":{"line":20,"column":33}},"15":{"start":{"line":21,"column":19},"end":{"line":21,"column":47}},"16":{"start":{"line":22,"column":6},"end":{"line":25,"column":7}},"17":{"start":{"line":23,"column":8},"end":{"line":23,"column":41}},"18":{"start":{"line":24,"column":8},"end":{"line":24,"column":79}},"19":{"start":{"line":26,"column":17},"end":{"line":26,"column":64}},"20":{"start":{"line":27,"column":6},"end":{"line":27,"column":69}},"21":{"start":{"line":27,"column":17},"end":{"line":27,"column":69}},"22":{"start":{"line":28,"column":6},"end":{"line":28,"column":50}},"23":{"start":{"line":29,"column":6},"end":{"line":29,"column":29}},"24":{"start":{"line":30,"column":6},"end":{"line":30,"column":35}},"25":{"start":{"line":31,"column":6},"end":{"line":31,"column":60}},"26":{"start":{"line":32,"column":6},"end":{"line":32,"column":40}},"27":{"start":{"line":33,"column":6},"end":{"line":35,"column":9}},"28":{"start":{"line":37,"column":6},"end":{"line":37,"column":39}},"29":{"start":{"line":38,"column":6},"end":{"line":38,"column":86}},"30":{"start":{"line":39,"column":6},"end":{"line":39,"column":86}},"31":{"start":{"line":41,"column":6},"end":{"line":41,"column":27}}},"fnMap":{"0":{"name":"(anonymous_0)","decl":{"start":{"line":10,"column":2},"end":{"line":10,"column":3}},"loc":{"start":{"line":10,"column":29},"end":{"line":43,"column":3}},"line":10}},"branchMap":{"0":{"loc":{"start":{"line":14,"column":17},"end":{"line":14,"column":39}},"type":"binary-expr","locations":[{"start":{"line":14,"column":17},"end":{"line":14,"column":33}},{"start":{"line":14,"column":37},"end":{"line":14,"column":39}}],"line":14},"1":{"loc":{"start":{"line":15,"column":19},"end":{"line":15,"column":113}},"type":"cond-expr","locations":[{"start":{"line":15,"column":53},"end":{"line":15,"column":93}},{"start":{"line":15,"column":96},"end":{"line":15,"column":113}}],"line":15},"2":{"loc":{"start":{"line":16,"column":4},"end":{"line":16,"column":116}},"type":"if","locations":[{"start":{"line":16,"column":4},"end":{"line":16,"column":116}},{"start":{},"end":{}}],"line":16},"3":{"loc":{"start":{"line":16,"column":8},"end":{"line":16,"column":47}},"type":"binary-expr","locations":[{"start":{"line":16,"column":8},"end":{"line":16,"column":15}},{"start":{"line":16,"column":19},"end":{"line":16,"column":32}},{"start":{"line":16,"column":36},"end":{"line":16,"column":47}}],"line":16},"4":{"loc":{"start":{"line":22,"column":6},"end":{"line":25,"column":7}},"type":"if","locations":[{"start":{"line":22,"column":6},"end":{"line":25,"column":7}},{"start":{},"end":{}}],"line":22},"5":{"loc":{"start":{"line":27,"column":6},"end":{"line":27,"column":69}},"type":"if","locations":[{"start":{"line":27,"column":6},"end":{"line":27,"column":69}},{"start":{},"end":{}}],"line":27},"6":{"loc":{"start":{"line":38,"column":56},"end":{"line":38,"column":82}},"type":"binary-expr","locations":[{"start":{"line":38,"column":56},"end":{"line":38,"column":67}},{"start":{"line":38,"column":71},"end":{"line":38,"column":82}}],"line":38}},"s":{"0":1,"1":1,"2":1,"3":1,"4":2,"5":2,"6":2,"7":2,"8":2,"9":2,"10":0,"11":2,"12":2,"13":2,"14":2,"15":2,"16":2,"17":1,"18":1,"19":1,"20":1,"21":0,"22":1,"23":1,"24":1,"25":1,"26":1,"27":1,"28":0,"29":0,"30":0,"31":2},"f":{"0":2},"b":{"0":[2,0],"1":[0,2],"2":[0,2],"3":[2,2,2],"4":[1,1],"5":[0,1],"6":[0,0]},"_coverageSchema":"1a1c01bbd47fc00a2c39e90264f33305004495a9","hash":"4b99f1bba33d2e30993e0d87e04528da0cc70063"}
,"C:\\Users\\ADMIN\\Downloads\\Flippy Flip\\bot\\src\\commands\\transfer.js": {"path":"C:\\Users\\ADMIN\\Downloads\\Flippy Flip\\bot\\src\\commands\\transfer.js","statementMap":{"0":{"start":{"line":3,"column":15},"end":{"line":3,"column":42}},"1":{"start":{"line":4,"column":12},"end":{"line":4,"column":43}},"2":{"start":{"line":6,"column":0},"end":{"line":47,"column":2}},"3":{"start":{"line":10,"column":14},"end":{"line":10,"column":27}},"4":{"start":{"line":11,"column":19},"end":{"line":11,"column":37}},"5":{"start":{"line":12,"column":19},"end":{"line":12,"column":38}},"6":{"start":{"line":13,"column":20},"end":{"line":13,"column":207}},"7":{"start":{"line":14,"column":19},"end":{"line":14,"column":147}},"8":{"start":{"line":15,"column":4},"end":{"line":17,"column":5}},"9":{"start":{"line":16,"column":6},"end":{"line":16,"column":74}},"10":{"start":{"line":18,"column":4},"end":{"line":20,"column":5}},"11":{"start":{"line":19,"column":6},"end":{"line":19,"column":72}},"12":{"start":{"line":21,"column":21},"end":{"line":21,"column":40}},"13":{"start":{"line":22,"column":20},"end":{"line":22,"column":49}},"14":{"start":{"line":23,"column":4},"end":{"line":45,"column":5}},"15":{"start":{"line":24,"column":6},"end":{"line":24,"column":33}},"16":{"start":{"line":25,"column":19},"end":{"line":25,"column":47}},"17":{"start":{"line":26,"column":6},"end":{"line":29,"column":7}},"18":{"start":{"line":27,"column":8},"end":{"line":27,"column":41}},"19":{"start":{"line":28,"column":8},"end":{"line":28,"column":80}},"20":{"start":{"line":30,"column":6},"end":{"line":30,"column":50}},"21":{"start":{"line":31,"column":6},"end":{"line":31,"column":39}},"22":{"start":{"line":32,"column":6},"end":{"line":32,"column":53}},"23":{"start":{"line":33,"column":6},"end":{"line":33,"column":89}},"24":{"start":{"line":34,"column":6},"end":{"line":34,"column":102}},"25":{"start":{"line":35,"column":6},"end":{"line":35,"column":40}},"26":{"start":{"line":36,"column":6},"end":{"line":38,"column":9}},"27":{"start":{"line":40,"column":6},"end":{"line":40,"column":39}},"28":{"start":{"line":41,"column":6},"end":{"line":41,"column":86}},"29":{"start":{"line":42,"column":6},"end":{"line":42,"column":73}},"30":{"start":{"line":44,"column":6},"end":{"line":44,"column":27}}},"fnMap":{"0":{"name":"(anonymous_0)","decl":{"start":{"line":9,"column":2},"end":{"line":9,"column":3}},"loc":{"start":{"line":9,"column":37},"end":{"line":46,"column":3}},"line":9}},"branchMap":{"0":{"loc":{"start":{"line":13,"column":20},"end":{"line":13,"column":207}},"type":"cond-expr","locations":[{"start":{"line":13,"column":50},"end":{"line":13,"column":85}},{"start":{"line":13,"column":89},"end":{"line":13,"column":206}}],"line":13},"1":{"loc":{"start":{"line":13,"column":89},"end":{"line":13,"column":206}},"type":"cond-expr","locations":[{"start":{"line":13,"column":131},"end":{"line":13,"column":199}},{"start":{"line":13,"column":202},"end":{"line":13,"column":206}}],"line":13},"2":{"loc":{"start":{"line":13,"column":89},"end":{"line":13,"column":128}},"type":"binary-expr","locations":[{"start":{"line":13,"column":89},"end":{"line":13,"column":105}},{"start":{"line":13,"column":109},"end":{"line":13,"column":128}}],"line":13},"3":{"loc":{"start":{"line":13,"column":168},"end":{"line":13,"column":197}},"type":"binary-expr","locations":[{"start":{"line":13,"column":168},"end":{"line":13,"column":187}},{"start":{"line":13,"column":191},"end":{"line":13,"column":197}}],"line":13},"4":{"loc":{"start":{"line":14,"column":19},"end":{"line":14,"column":147}},"type":"cond-expr","locations":[{"start":{"line":14,"column":53},"end":{"line":14,"column":93}},{"start":{"line":14,"column":97},"end":{"line":14,"column":146}}],"line":14},"5":{"loc":{"start":{"line":14,"column":97},"end":{"line":14,"column":146}},"type":"binary-expr","locations":[{"start":{"line":14,"column":97},"end":{"line":14,"column":113}},{"start":{"line":14,"column":117},"end":{"line":14,"column":146}}],"line":14},"6":{"loc":{"start":{"line":15,"column":4},"end":{"line":17,"column":5}},"type":"if","locations":[{"start":{"line":15,"column":4},"end":{"line":17,"column":5}},{"start":{},"end":{}}],"line":15},"7":{"loc":{"start":{"line":15,"column":8},"end":{"line":15,"column":42}},"type":"binary-expr","locations":[{"start":{"line":15,"column":8},"end":{"line":15,"column":16}},{"start":{"line":15,"column":20},"end":{"line":15,"column":27}},{"start":{"line":15,"column":31},"end":{"line":15,"column":42}}],"line":15},"8":{"loc":{"start":{"line":18,"column":4},"end":{"line":20,"column":5}},"type":"if","locations":[{"start":{"line":18,"column":4},"end":{"line":20,"column":5}},{"start":{},"end":{}}],"line":18},"9":{"loc":{"start":{"line":26,"column":6},"end":{"line":29,"column":7}},"type":"if","locations":[{"start":{"line":26,"column":6},"end":{"line":29,"column":7}},{"start":{},"end":{}}],"line":26},"10":{"loc":{"start":{"line":41,"column":56},"end":{"line":41,"column":82}},"type":"binary-expr","locations":[{"start":{"line":41,"column":56},"end":{"line":41,"column":67}},{"start":{"line":41,"column":71},"end":{"line":41,"column":82}}],"line":41}},"s":{"0":1,"1":1,"2":1,"3":2,"4":2,"5":2,"6":2,"7":2,"8":2,"9":0,"10":2,"11":0,"12":2,"13":2,"14":2,"15":2,"16":2,"17":2,"18":1,"19":1,"20":1,"21":1,"22":1,"23":1,"24":1,"25":1,"26":1,"27":0,"28":0,"29":0,"30":2},"f":{"0":2},"b":{"0":[2,0],"1":[0,0],"2":[0,0],"3":[0,0],"4":[2,0],"5":[0,0],"6":[0,2],"7":[2,2,2],"8":[0,2],"9":[1,1],"10":[0,0]},"_coverageSchema":"1a1c01bbd47fc00a2c39e90264f33305004495a9","hash":"747f17bbe7c7be373cf3547be8952b41eb2f7d5a"}
,"C:\\Users\\ADMIN\\Downloads\\Flippy Flip\\bot\\src\\commands\\withdraw.js": {"path":"C:\\Users\\ADMIN\\Downloads\\Flippy Flip\\bot\\src\\commands\\withdraw.js","statementMap":{"0":{"start":{"line":3,"column":13},"end":{"line":3,"column":45}},"1":{"start":{"line":4,"column":15},"end":{"line":4,"column":42}},"2":{"start":{"line":5,"column":12},"end":{"line":5,"column":43}},"3":{"start":{"line":7,"column":0},"end":{"line":42,"column":2}},"4":{"start":{"line":11,"column":14},"end":{"line":11,"column":27}},"5":{"start":{"line":12,"column":19},"end":{"line":12,"column":37}},"6":{"start":{"line":13,"column":19},"end":{"line":13,"column":38}},"7":{"start":{"line":14,"column":17},"end":{"line":14,"column":39}},"8":{"start":{"line":15,"column":19},"end":{"line":15,"column":113}},"9":{"start":{"line":16,"column":4},"end":{"line":16,"column":117}},"10":{"start":{"line":16,"column":49},"end":{"line":16,"column":117}},"11":{"start":{"line":17,"column":21},"end":{"line":17,"column":40}},"12":{"start":{"line":18,"column":20},"end":{"line":18,"column":49}},"13":{"start":{"line":19,"column":4},"end":{"line":40,"column":5}},"14":{"start":{"line":20,"column":6},"end":{"line":20,"column":33}},"15":{"start":{"line":21,"column":17},"end":{"line":21,"column":64}},"16":{"start":{"line":22,"column":6},"end":{"line":25,"column":7}},"17":{"start":{"line":23,"column":8},"end":{"line":23,"column":41}},"18":{"start":{"line":24,"column":8},"end":{"line":24,"column":80}},"19":{"start":{"line":26,"column":6},"end":{"line":26,"column":49}},"20":{"start":{"line":27,"column":6},"end":{"line":27,"column":29}},"21":{"start":{"line":28,"column":6},"end":{"line":28,"column":35}},"22":{"start":{"line":29,"column":6},"end":{"line":29,"column":61}},"23":{"start":{"line":30,"column":6},"end":{"line":30,"column":40}},"24":{"start":{"line":31,"column":6},"end":{"line":33,"column":9}},"25":{"start":{"line":35,"column":6},"end":{"line":35,"column":39}},"26":{"start":{"line":36,"column":6},"end":{"line":36,"column":86}},"27":{"start":{"line":37,"column":6},"end":{"line":37,"column":87}},"28":{"start":{"line":39,"column":6},"end":{"line":39,"column":27}}},"fnMap":{"0":{"name":"(anonymous_0)","decl":{"start":{"line":10,"column":2},"end":{"line":10,"column":3}},"loc":{"start":{"line":10,"column":29},"end":{"line":41,"column":3}},"line":10}},"branchMap":{"0":{"loc":{"start":{"line":14,"column":17},"end":{"line":14,"column":39}},"type":"binary-expr","locations":[{"start":{"line":14,"column":17},"end":{"line":14,"column":33}},{"start":{"line":14,"column":37},"end":{"line":14,"column":39}}],"line":14},"1":{"loc":{"start":{"line":15,"column":19},"end":{"line":15,"column":113}},"type":"cond-expr","locations":[{"start":{"line":15,"column":53},"end":{"line":15,"column":93}},{"start":{"line":15,"column":96},"end":{"line":15,"column":113}}],"line":15},"2":{"loc":{"start":{"line":16,"column":4},"end":{"line":16,"column":117}},"type":"if","locations":[{"start":{"line":16,"column":4},"end":{"line":16,"column":117}},{"start":{},"end":{}}],"line":16},"3":{"loc":{"start":{"line":16,"column":8},"end":{"line":16,"column":47}},"type":"binary-expr","locations":[{"start":{"line":16,"column":8},"end":{"line":16,"column":15}},{"start":{"line":16,"column":19},"end":{"line":16,"column":32}},{"start":{"line":16,"column":36},"end":{"line":16,"column":47}}],"line":16},"4":{"loc":{"start":{"line":22,"column":6},"end":{"line":25,"column":7}},"type":"if","locations":[{"start":{"line":22,"column":6},"end":{"line":25,"column":7}},{"start":{},"end":{}}],"line":22},"5":{"loc":{"start":{"line":22,"column":10},"end":{"line":22,"column":40}},"type":"binary-expr","locations":[{"start":{"line":22,"column":10},"end":{"line":22,"column":15}},{"start":{"line":22,"column":19},"end":{"line":22,"column":40}}],"line":22},"6":{"loc":{"start":{"line":36,"column":56},"end":{"line":36,"column":82}},"type":"binary-expr","locations":[{"start":{"line":36,"column":56},"end":{"line":36,"column":67}},{"start":{"line":36,"column":71},"end":{"line":36,"column":82}}],"line":36}},"s":{"0":1,"1":1,"2":1,"3":1,"4":2,"5":2,"6":2,"7":2,"8":2,"9":2,"10":0,"11":2,"12":2,"13":2,"14":2,"15":2,"16":2,"17":1,"18":1,"19":1,"20":1,"21":1,"22":1,"23":1,"24":1,"25":0,"26":0,"27":0,"28":2},"f":{"0":2},"b":{"0":[2,0],"1":[0,2],"2":[0,2],"3":[2,2,2],"4":[1,1],"5":[2,2],"6":[0,0]},"_coverageSchema":"1a1c01bbd47fc00a2c39e90264f33305004495a9","hash":"c232a54e7320714cdc2a0c3f44e8b7c815e68adf"}
,"C:\\Users\\ADMIN\\Downloads\\Flippy Flip\\bot\\src\\database\\bankModel.js": {"path":"C:\\Users\\ADMIN\\Downloads\\Flippy Flip\\bot\\src\\database\\bankModel.js","statementMap":{"0":{"start":{"line":1,"column":17},"end":{"line":1,"column":36}},"1":{"start":{"line":3,"column":19},"end":{"line":7,"column":2}},"2":{"start":{"line":9,"column":0},"end":{"line":9,"column":52}}},"fnMap":{},"branchMap":{},"s":{"0":2,"1":2,"2":2},"f":{},"b":{},"_coverageSchema":"1a1c01bbd47fc00a2c39e90264f33305004495a9","hash":"687d521e52b854acd0a28cf010b00498896b8c1a"}
,"C:\\Users\\ADMIN\\Downloads\\Flippy Flip\\bot\\src\\database\\logModel.js": {"path":"C:\\Users\\ADMIN\\Downloads\\Flippy Flip\\bot\\src\\database\\logModel.js","statementMap":{"0":{"start":{"line":1,"column":17},"end":{"line":1,"column":36}},"1":{"start":{"line":3,"column":18},"end":{"line":9,"column":2}},"2":{"start":{"line":11,"column":0},"end":{"line":11,"column":50}}},"fnMap":{},"branchMap":{},"s":{"0":3,"1":3,"2":3},"f":{},"b":{},"_coverageSchema":"1a1c01bbd47fc00a2c39e90264f33305004495a9","hash":"0cc4f583e532fe3ea8a43077c3d891d96f808bd8"}
,"C:\\Users\\ADMIN\\Downloads\\Flippy Flip\\bot\\src\\database\\user.js": {"path":"C:\\Users\\ADMIN\\Downloads\\Flippy Flip\\bot\\src\\database\\user.js","statementMap":{"0":{"start":{"line":2,"column":13},"end":{"line":2,"column":35}},"1":{"start":{"line":4,"column":0},"end":{"line":21,"column":2}},"2":{"start":{"line":6,"column":15},"end":{"line":6,"column":49}},"3":{"start":{"line":7,"column":4},"end":{"line":9,"column":5}},"4":{"start":{"line":8,"column":6},"end":{"line":8,"column":47}},"5":{"start":{"line":10,"column":4},"end":{"line":10,"column":16}},"6":{"start":{"line":13,"column":4},"end":{"line":13,"column":72}},"7":{"start":{"line":16,"column":4},"end":{"line":16,"column":77}},"8":{"start":{"line":19,"column":4},"end":{"line":19,"column":76}}},"fnMap":{"0":{"name":"(anonymous_0)","decl":{"start":{"line":5,"column":11},"end":{"line":5,"column":12}},"loc":{"start":{"line":5,"column":29},"end":{"line":11,"column":3}},"line":5},"1":{"name":"(anonymous_1)","decl":{"start":{"line":12,"column":17},"end":{"line":12,"column":18}},"loc":{"start":{"line":12,"column":43},"end":{"line":14,"column":3}},"line":12},"2":{"name":"(anonymous_2)","decl":{"start":{"line":15,"column":16},"end":{"line":15,"column":17}},"loc":{"start":{"line":15,"column":45},"end":{"line":17,"column":3}},"line":15},"3":{"name":"(anonymous_3)","decl":{"start":{"line":18,"column":15},"end":{"line":18,"column":16}},"loc":{"start":{"line":18,"column":44},"end":{"line":20,"column":3}},"line":18}},"branchMap":{"0":{"loc":{"start":{"line":7,"column":4},"end":{"line":9,"column":5}},"type":"if","locations":[{"start":{"line":7,"column":4},"end":{"line":9,"column":5}},{"start":{},"end":{}}],"line":7}},"s":{"0":4,"1":4,"2":0,"3":0,"4":0,"5":0,"6":0,"7":0,"8":0},"f":{"0":0,"1":0,"2":0,"3":0},"b":{"0":[0,0]},"_coverageSchema":"1a1c01bbd47fc00a2c39e90264f33305004495a9","hash":"66caad98141c3900b3ccc1921b2d1f1efceab290"}
,"C:\\Users\\ADMIN\\Downloads\\Flippy Flip\\bot\\src\\database\\userModel.js": {"path":"C:\\Users\\ADMIN\\Downloads\\Flippy Flip\\bot\\src\\database\\userModel.js","statementMap":{"0":{"start":{"line":1,"column":17},"end":{"line":1,"column":36}},"1":{"start":{"line":3,"column":19},"end":{"line":10,"column":2}},"2":{"start":{"line":12,"column":0},"end":{"line":12,"column":52}}},"fnMap":{},"branchMap":{},"s":{"0":4,"1":4,"2":4},"f":{},"b":{},"_coverageSchema":"1a1c01bbd47fc00a2c39e90264f33305004495a9","hash":"7ab92b817c24c5941a51af963ed5ac588953e656"}
}
